2025-01-28 12:06:49 [info]: Server running on http://localhost:3089
2025-01-28 12:06:55 [info]: Server running on http://localhost:3089
2025-01-28 12:07:14 [info]: Server running on http://localhost:3089
2025-01-28 12:09:43 [error]: token is not defined
2025-01-28 12:10:13 [info]: Server running on http://localhost:3089
2025-01-28 12:10:32 [error]: secretOrPrivateKey must have a value
2025-01-28 12:13:06 [error]: secretOrPrivateKey must have a value
2025-01-28 12:14:13 [error]: secretOrPrivateKey must have a value
2025-01-28 12:16:26 [info]: Server running on http://localhost:3089
2025-01-28 12:16:27 [info]: Server running on http://localhost:3089
2025-01-28 12:16:40 [info]: Server running on http://localhost:3089
2025-01-28 12:16:43 [info]: Server running on http://localhost:3089
2025-01-28 12:16:46 [info]: Server running on http://localhost:3089
2025-01-28 12:16:52 [info]: Server running on http://localhost:3089
2025-01-28 12:17:34 [info]: Server running on http://localhost:3089
2025-01-28 12:17:35 [info]: Server running on http://localhost:3089
2025-01-28 12:17:45 [info]: Server running on http://localhost:3089
2025-01-28 12:17:55 [info]: Server running on http://localhost:3089
2025-01-28 12:17:57 [info]: Server running on http://localhost:3089
2025-01-28 12:18:03 [info]: Server running on http://localhost:3089
2025-01-28 12:18:08 [info]: Server running on http://localhost:3089
2025-01-28 12:18:12 [info]: Server running on http://localhost:3089
2025-01-28 12:18:17 [info]: Server running on http://localhost:3089
2025-01-28 12:18:19 [info]: Server running on http://localhost:3089
2025-01-28 12:18:26 [info]: Server running on http://localhost:3089
2025-01-28 12:18:27 [info]: Server running on http://localhost:3089
2025-01-28 12:19:18 [info]: Server running on http://localhost:3089
2025-01-28 12:19:28 [error]: secretOrPrivateKey must have a value
2025-01-28 12:20:20 [error]: secretOrPrivateKey must have a value
2025-01-28 12:20:28 [info]: Server running on http://localhost:3089
2025-01-28 14:45:20 [info]: Server running on http://localhost:3089
2025-01-28 15:51:23 [error]: confirmPassword is not defined
2025-01-28 15:52:00 [info]: Server running on http://localhost:3089
2025-01-28 15:52:01 [info]: Server running on http://localhost:3089
2025-01-29 13:03:53 [info]: Server running on http://localhost:3089
2025-01-31 12:31:17 [info]: Server running on http://localhost:3089
2025-02-01 17:24:23 [info]: Server running on http://localhost:3089
2025-02-05 18:19:31 [info]: Server running on http://localhost:3089
2025-02-05 18:22:13 [info]: Server running on http://localhost:3089
2025-02-05 18:24:16 [info]: Server running on http://localhost:3089
2025-02-06 10:43:28 [info]: Server running on http://localhost:3089
2025-02-06 22:22:44 [info]: Server running on http://localhost:3089
2025-02-08 15:26:05 [info]: Server running on http://localhost:3089
2025-02-08 15:37:41 [info]: Server running on http://localhost:3089
2025-02-08 15:52:47 [info]: Server running on http://localhost:3089
2025-02-08 15:54:10 [info]: Server running on http://localhost:3089
2025-02-08 15:56:04 [info]: Server running on http://localhost:3089
2025-02-08 15:56:05 [info]: Server running on http://localhost:3089
2025-02-08 15:56:10 [info]: Server running on http://localhost:3089
2025-02-08 16:05:30 [info]: Server running on http://localhost:3089
2025-02-08 16:08:23 [info]: Server running on http://localhost:3089
2025-02-08 16:08:30 [info]: Server running on http://localhost:3089
2025-02-08 16:08:35 [info]: Server running on http://localhost:3089
2025-02-08 16:16:26 [info]: Server running on http://localhost:3089
2025-02-08 16:16:26 [info]: Server running on http://localhost:3089
2025-02-08 16:16:38 [info]: Server running on http://localhost:3089
2025-02-08 16:17:41 [info]: Server running on http://localhost:3089
2025-02-08 16:19:41 [info]: Server running on http://localhost:3089
2025-02-08 16:19:51 [info]: Server running on http://localhost:3089
2025-02-08 16:28:42 [info]: Server running on http://localhost:3089
2025-02-08 16:28:44 [info]: Server running on http://localhost:3089
2025-02-08 16:28:47 [info]: Server running on http://localhost:3089
2025-02-08 18:41:38 [info]: Server running on http://localhost:3089
2025-02-08 18:41:39 [info]: Server running on http://localhost:3089
2025-02-08 18:41:44 [info]: Server running on http://localhost:3089
2025-02-08 18:41:46 [info]: Server running on http://localhost:3089
2025-02-08 18:41:51 [info]: Server running on http://localhost:3089
2025-02-08 18:41:58 [info]: Server running on http://localhost:3089
2025-02-08 18:42:05 [info]: Server running on http://localhost:3089
2025-02-08 18:42:09 [info]: Server running on http://localhost:3089
2025-02-08 18:42:11 [info]: Server running on http://localhost:3089
2025-02-08 18:42:22 [info]: Server running on http://localhost:3089
2025-02-08 18:43:37 [info]: Server running on http://localhost:3089
2025-02-08 18:43:39 [info]: Server running on http://localhost:3089
2025-02-08 18:43:41 [info]: Server running on http://localhost:3089
2025-02-08 18:43:41 [info]: Server running on http://localhost:3089
2025-02-08 18:43:48 [info]: Server running on http://localhost:3089
2025-02-08 18:45:03 [info]: Server running on http://localhost:3089
2025-02-08 18:45:04 [info]: Server running on http://localhost:3089
2025-02-08 18:45:09 [info]: Server running on http://localhost:3089
2025-02-08 18:45:54 [info]: Server running on http://localhost:3089
2025-02-08 18:45:58 [info]: Server running on http://localhost:3089
2025-02-08 18:46:00 [info]: Server running on http://localhost:3089
2025-02-08 18:46:06 [info]: Server running on http://localhost:3089
2025-02-08 18:46:12 [info]: Server running on http://localhost:3089
2025-02-08 18:46:15 [info]: Server running on http://localhost:3089
2025-02-08 18:49:13 [info]: Server running on http://localhost:3089
2025-02-08 18:49:14 [info]: Server running on http://localhost:3089
2025-02-08 18:49:20 [info]: Server running on http://localhost:3089
2025-02-08 18:56:09 [info]: Server running on http://localhost:3089
2025-02-08 18:56:10 [info]: Server running on http://localhost:3089
2025-02-08 18:56:16 [info]: Server running on http://localhost:3089
2025-02-08 18:56:17 [info]: Server running on http://localhost:3089
2025-02-08 18:56:22 [info]: Server running on http://localhost:3089
2025-02-08 18:56:29 [info]: Server running on http://localhost:3089
2025-02-08 18:56:30 [info]: Server running on http://localhost:3089
2025-02-14 20:34:50 [info]: Server running on http://localhost:3089
2025-02-14 20:35:14 [info]: Server running on http://localhost:3089
2025-02-14 20:35:17 [info]: Server running on http://localhost:3089
2025-02-14 20:35:22 [info]: Server running on http://localhost:3089
2025-02-14 20:35:28 [info]: Server running on http://localhost:3089
2025-02-14 20:35:29 [info]: Server running on http://localhost:3089
2025-02-14 20:35:37 [info]: Server running on http://localhost:3089
2025-02-14 20:35:39 [info]: Server running on http://localhost:3089
2025-02-14 20:36:02 [info]: Server running on http://localhost:3089
2025-02-14 20:36:17 [info]: Server running on http://localhost:3089
2025-02-14 20:36:18 [info]: Server running on http://localhost:3089
2025-02-14 20:36:37 [info]: Server running on http://localhost:3089
2025-02-14 20:36:38 [info]: Server running on http://localhost:3089
2025-02-14 20:37:31 [info]: Server running on http://localhost:3089
2025-02-14 20:38:56 [info]: Server running on http://localhost:3089
2025-02-14 20:39:13 [info]: Server running on http://localhost:3089
2025-02-14 20:39:15 [info]: Server running on http://localhost:3089
2025-02-14 20:39:22 [info]: Server running on http://localhost:3089
2025-02-14 20:41:17 [info]: Server running on http://localhost:3089
2025-02-14 20:44:16 [info]: Server running on http://localhost:3089
2025-02-14 20:45:02 [info]: Server running on http://localhost:3089
2025-02-14 20:45:05 [info]: Server running on http://localhost:3089
2025-02-14 20:45:07 [info]: Server running on http://localhost:3089
2025-02-14 20:45:08 [info]: Server running on http://localhost:3089
2025-02-14 20:45:10 [info]: Server running on http://localhost:3089
2025-02-14 20:45:15 [info]: Server running on http://localhost:3089
2025-02-14 20:45:47 [info]: Server running on http://localhost:3089
2025-02-14 20:45:48 [info]: Server running on http://localhost:3089
2025-02-14 20:49:07 [info]: Server running on http://localhost:3089
2025-02-14 20:53:12 [info]: Server running on http://localhost:3089
2025-02-14 20:54:08 [info]: Server running on http://localhost:3089
2025-02-14 20:54:17 [info]: Server running on http://localhost:3089
2025-02-14 20:54:18 [info]: Server running on http://localhost:3089
2025-02-14 20:54:21 [info]: Server running on http://localhost:3089
2025-02-14 20:54:22 [info]: Server running on http://localhost:3089
2025-02-14 20:54:30 [info]: Server running on http://localhost:3089
2025-02-14 20:54:48 [info]: Server running on http://localhost:3089
2025-02-14 20:56:20 [info]: Server running on http://localhost:3089
2025-02-14 20:57:14 [info]: Server running on http://localhost:3089
2025-02-14 20:57:32 [info]: Server running on http://localhost:3089
2025-02-14 20:57:37 [info]: Server running on http://localhost:3089
2025-02-14 20:57:39 [info]: Server running on http://localhost:3089
2025-02-14 20:57:44 [info]: Server running on http://localhost:3089
2025-02-14 20:57:46 [info]: Server running on http://localhost:3089
2025-02-14 20:58:03 [info]: Server running on http://localhost:3089
2025-02-14 20:58:05 [info]: Server running on http://localhost:3089
2025-02-14 20:58:27 [info]: Server running on http://localhost:3089
2025-02-14 20:58:28 [info]: Server running on http://localhost:3089
2025-02-14 20:58:32 [info]: Server running on http://localhost:3089
2025-02-14 20:58:33 [info]: Server running on http://localhost:3089
2025-02-14 20:58:39 [info]: Server running on http://localhost:3089
2025-02-14 20:58:44 [info]: Server running on http://localhost:3089
2025-02-14 20:59:31 [info]: Server running on http://localhost:3089
2025-02-14 20:59:32 [info]: Server running on http://localhost:3089
2025-02-14 20:59:54 [info]: Server running on http://localhost:3089
2025-02-14 21:00:54 [info]: Server running on http://localhost:3089
2025-02-14 21:00:56 [info]: Server running on http://localhost:3089
2025-02-14 21:03:57 [info]: Server running on http://localhost:3089
2025-02-14 21:03:58 [info]: Server running on http://localhost:3089
2025-02-16 10:23:32 [info]: Server running on http://localhost:3089
2025-02-16 10:24:21 [info]: Server running on http://localhost:3089
2025-02-16 10:24:37 [info]: Server running on http://localhost:3089
2025-02-16 10:24:42 [info]: Server running on http://localhost:3089
2025-02-16 10:24:43 [info]: Server running on http://localhost:3089
2025-02-16 10:24:46 [info]: Server running on http://localhost:3089
2025-02-16 10:24:51 [info]: Server running on http://localhost:3089
2025-02-16 10:24:54 [info]: Server running on http://localhost:3089
2025-02-16 10:24:57 [info]: Server running on http://localhost:3089
2025-02-16 10:25:09 [info]: Server running on http://localhost:3089
2025-02-16 10:25:19 [info]: Server running on http://localhost:3089
2025-02-16 10:28:43 [info]: Server running on http://localhost:3089
2025-02-16 10:29:12 [info]: Server running on http://localhost:3089
2025-02-16 10:29:14 [info]: Server running on http://localhost:3089
2025-02-16 10:30:12 [info]: Server running on http://localhost:3089
2025-02-16 10:30:13 [info]: Server running on http://localhost:3089
2025-02-16 10:30:42 [info]: Server running on http://localhost:3089
2025-02-16 10:31:39 [info]: Server running on http://localhost:3089
2025-02-16 10:37:14 [info]: Server running on http://localhost:3089
2025-02-16 10:37:20 [info]: Server running on http://localhost:3089
2025-02-16 10:37:25 [info]: Server running on http://localhost:3089
2025-02-16 10:37:29 [info]: Server running on http://localhost:3089
2025-02-16 10:37:30 [info]: Server running on http://localhost:3089
2025-02-16 10:37:32 [info]: Server running on http://localhost:3089
2025-02-16 10:39:28 [info]: Server running on http://localhost:3089
2025-02-16 10:39:37 [info]: Server running on http://localhost:3089
2025-02-16 10:40:32 [info]: Server running on http://localhost:3089
2025-02-16 10:40:35 [info]: Server running on http://localhost:3089
2025-02-16 10:41:07 [info]: Server running on http://localhost:3089
2025-02-16 10:41:09 [info]: Server running on http://localhost:3089
2025-02-16 10:41:09 [info]: Server running on http://localhost:3089
2025-02-16 10:41:16 [info]: Server running on http://localhost:3089
2025-02-16 10:41:17 [info]: Server running on http://localhost:3089
2025-02-16 10:41:26 [info]: Server running on http://localhost:3089
2025-02-16 10:41:27 [info]: Server running on http://localhost:3089
2025-02-16 10:41:30 [info]: Server running on http://localhost:3089
2025-02-16 10:41:37 [info]: Server running on http://localhost:3089
2025-02-16 10:41:45 [info]: Server running on http://localhost:3089
2025-02-16 10:41:50 [info]: Server running on http://localhost:3089
2025-02-16 10:42:04 [info]: Server running on http://localhost:3089
2025-02-16 10:42:04 [info]: Server running on http://localhost:3089
2025-02-16 10:42:06 [info]: Server running on http://localhost:3089
2025-02-16 10:42:11 [info]: Server running on http://localhost:3089
2025-02-16 10:42:12 [info]: Server running on http://localhost:3089
2025-02-16 10:42:12 [info]: Server running on http://localhost:3089
2025-02-16 10:42:34 [info]: Server running on http://localhost:3089
2025-02-16 10:42:35 [info]: Server running on http://localhost:3089
2025-02-16 10:42:51 [info]: Server running on http://localhost:3089
2025-02-16 10:43:16 [info]: Server running on http://localhost:3089
2025-02-16 10:43:16 [info]: Server running on http://localhost:3089
2025-02-16 10:43:38 [info]: Server running on http://localhost:3089
2025-02-16 10:43:42 [info]: Server running on http://localhost:3089
2025-02-16 10:43:59 [info]: Server running on http://localhost:3089
2025-02-16 10:44:01 [info]: Server running on http://localhost:3089
2025-02-16 10:44:05 [info]: Server running on http://localhost:3089
2025-02-16 10:44:10 [info]: Server running on http://localhost:3089
2025-02-16 10:44:15 [info]: Server running on http://localhost:3089
2025-02-16 10:44:18 [info]: Server running on http://localhost:3089
2025-02-16 10:44:28 [info]: Server running on http://localhost:3089
2025-02-16 10:44:30 [info]: Server running on http://localhost:3089
2025-02-16 10:44:34 [info]: Server running on http://localhost:3089
2025-02-16 10:44:35 [info]: Server running on http://localhost:3089
2025-02-16 10:45:26 [info]: Server running on http://localhost:3089
2025-02-16 10:45:30 [info]: Server running on http://localhost:3089
2025-02-16 10:46:09 [info]: Server running on http://localhost:3089
2025-02-16 10:47:20 [info]: Server running on http://localhost:3089
2025-02-16 10:48:10 [info]: Server running on http://localhost:3089
2025-02-16 10:48:28 [info]: Server running on http://localhost:3089
2025-02-16 10:48:32 [info]: Server running on http://localhost:3089
2025-02-16 10:49:24 [info]: Server running on http://localhost:3089
2025-02-16 10:49:33 [info]: Server running on http://localhost:3089
2025-02-16 10:50:04 [info]: Server running on http://localhost:3089
2025-02-16 10:51:38 [info]: Server running on http://localhost:3089
2025-02-16 10:52:47 [info]: Server running on http://localhost:3089
2025-02-16 10:52:52 [info]: Server running on http://localhost:3089
2025-02-16 10:53:01 [info]: Server running on http://localhost:3089
2025-02-16 10:53:23 [info]: Server running on http://localhost:3089
2025-02-16 10:53:27 [info]: Server running on http://localhost:3089
2025-02-16 10:53:35 [info]: Server running on http://localhost:3089
2025-02-16 10:53:38 [info]: Server running on http://localhost:3089
2025-02-16 10:53:40 [info]: Server running on http://localhost:3089
2025-02-16 10:54:25 [info]: Server running on http://localhost:3089
2025-02-16 10:54:28 [info]: Server running on http://localhost:3089
2025-02-16 10:56:25 [info]: Server running on http://localhost:3089
2025-02-16 10:56:26 [info]: Server running on http://localhost:3089
2025-02-16 10:56:43 [info]: Server running on http://localhost:3089
2025-02-16 10:56:50 [info]: Server running on http://localhost:3089
2025-02-16 10:56:51 [info]: Server running on http://localhost:3089
2025-02-16 10:57:11 [info]: Server running on http://localhost:3089
2025-02-16 10:57:44 [info]: Server running on http://localhost:3089
2025-02-16 10:57:46 [info]: Server running on http://localhost:3089
2025-02-16 10:57:48 [info]: Server running on http://localhost:3089
2025-02-16 10:58:01 [info]: Server running on http://localhost:3089
2025-02-16 10:58:03 [info]: Server running on http://localhost:3089
2025-02-16 10:58:05 [info]: Server running on http://localhost:3089
2025-02-16 17:08:54 [info]: Server running on http://localhost:3089
2025-02-16 17:08:56 [info]: Server running on http://localhost:3089
2025-02-16 17:09:35 [info]: Server running on http://localhost:3089
2025-02-16 17:09:44 [info]: Server running on http://localhost:3089
2025-02-16 17:09:45 [info]: Server running on http://localhost:3089
2025-02-16 17:10:45 [info]: Server running on http://localhost:3089
2025-02-16 17:11:08 [info]: Server running on http://localhost:3089
2025-02-16 17:16:55 [info]: Server running on http://localhost:3089
2025-02-16 17:17:31 [info]: Server running on http://localhost:3089
2025-02-16 17:17:33 [info]: Server running on http://localhost:3089
2025-02-16 17:17:34 [info]: Server running on http://localhost:3089
2025-02-16 17:19:17 [info]: Server running on http://localhost:3089
2025-02-16 17:19:31 [info]: Server running on http://localhost:3089
2025-02-16 17:19:33 [info]: Server running on http://localhost:3089
2025-02-16 17:19:35 [info]: Server running on http://localhost:3089
2025-02-16 17:19:38 [info]: Server running on http://localhost:3089
2025-02-16 17:20:25 [info]: Server running on http://localhost:3089
2025-02-16 17:20:29 [info]: Server running on http://localhost:3089
2025-02-16 18:01:01 [info]: Server running on http://localhost:3089
2025-02-16 18:14:47 [info]: Server running on http://localhost:3089
2025-02-16 18:15:11 [info]: Server running on http://localhost:3089
2025-02-16 18:15:14 [info]: Server running on http://localhost:3089
2025-02-16 18:15:18 [info]: Server running on http://localhost:3089
2025-02-16 18:15:20 [info]: Server running on http://localhost:3089
2025-02-17 09:05:29 [info]: Server running on http://localhost:3089
2025-02-17 09:05:31 [info]: Server running on http://localhost:3089
2025-02-17 09:06:02 [info]: Server running on http://localhost:3089
2025-02-17 09:09:13 [info]: Server running on http://localhost:3089
2025-02-17 09:09:17 [info]: Server running on http://localhost:3089
2025-02-17 09:09:58 [info]: Server running on http://localhost:3089
2025-02-17 09:10:01 [info]: Server running on http://localhost:3089
2025-02-17 09:10:05 [info]: Server running on http://localhost:3089
2025-02-17 09:10:09 [info]: Server running on http://localhost:3089
2025-02-17 09:10:15 [info]: Server running on http://localhost:3089
2025-02-17 09:10:17 [info]: Server running on http://localhost:3089
2025-02-17 09:10:18 [info]: Server running on http://localhost:3089
2025-02-17 09:10:51 [info]: Server running on http://localhost:3089
2025-02-17 09:10:58 [info]: Server running on http://localhost:3089
2025-02-17 09:11:01 [info]: Server running on http://localhost:3089
2025-02-17 09:12:44 [info]: Server running on http://localhost:3089
2025-02-17 09:13:22 [info]: Server running on http://localhost:3089
2025-02-17 16:15:03 [info]: Server running on http://localhost:3089
2025-02-17 18:33:03 [info]: Server running on http://localhost:3089
2025-02-17 18:33:04 [info]: Server running on http://localhost:3089
2025-02-17 18:33:05 [info]: Server running on http://localhost:3089
2025-02-17 18:33:12 [info]: Server running on http://localhost:3089
2025-02-17 18:33:12 [info]: Server running on http://localhost:3089
2025-02-17 18:37:00 [info]: Server running on http://localhost:3089
2025-02-17 18:37:06 [info]: Server running on http://localhost:3089
2025-02-17 18:58:32 [info]: Server running on http://localhost:3089
2025-02-17 21:20:19 [info]: Server running on http://localhost:3089
2025-02-17 21:23:22 [info]: Server running on http://localhost:3089
2025-02-17 21:25:06 [info]: Server running on http://localhost:3089
2025-02-17 21:28:16 [info]: Server running on http://localhost:3089
2025-02-17 21:28:32 [info]: Server running on http://localhost:3089
2025-02-17 21:28:38 [info]: Server running on http://localhost:3089
2025-02-17 21:29:10 [info]: Server running on http://localhost:3089
2025-02-17 21:29:25 [info]: Server running on http://localhost:3089
2025-02-17 21:29:28 [info]: Server running on http://localhost:3089
2025-02-17 21:29:31 [info]: Server running on http://localhost:3089
2025-02-17 21:29:35 [info]: Server running on http://localhost:3089
2025-02-17 21:29:39 [info]: Server running on http://localhost:3089
2025-02-17 21:29:41 [info]: Server running on http://localhost:3089
2025-02-17 21:29:46 [info]: Server running on http://localhost:3089
2025-02-17 21:29:48 [info]: Server running on http://localhost:3089
2025-02-17 21:29:49 [info]: Server running on http://localhost:3089
2025-02-17 21:29:59 [info]: Server running on http://localhost:3089
2025-02-17 21:30:00 [info]: Server running on http://localhost:3089
2025-02-17 21:30:11 [info]: Server running on http://localhost:3089
2025-02-17 21:30:39 [info]: Server running on http://localhost:3089
2025-02-17 21:30:57 [info]: Server running on http://localhost:3089
2025-02-17 21:31:01 [info]: Server running on http://localhost:3089
2025-02-17 21:31:07 [info]: Server running on http://localhost:3089
2025-02-17 21:31:08 [info]: Server running on http://localhost:3089
2025-02-17 21:31:11 [info]: Server running on http://localhost:3089
2025-02-17 21:31:13 [info]: Server running on http://localhost:3089
2025-02-17 21:31:15 [info]: Server running on http://localhost:3089
2025-02-17 21:31:17 [info]: Server running on http://localhost:3089
2025-02-17 21:31:19 [info]: Server running on http://localhost:3089
2025-02-17 21:31:25 [info]: Server running on http://localhost:3089
2025-02-17 21:31:26 [info]: Server running on http://localhost:3089
2025-02-17 21:31:35 [info]: Server running on http://localhost:3089
2025-02-17 21:31:38 [info]: Server running on http://localhost:3089
2025-02-17 21:31:42 [info]: Server running on http://localhost:3089
2025-02-17 21:31:43 [info]: Server running on http://localhost:3089
2025-02-17 21:31:44 [info]: Server running on http://localhost:3089
2025-02-17 21:31:47 [info]: Server running on http://localhost:3089
2025-02-17 21:31:53 [info]: Server running on http://localhost:3089
2025-02-17 21:31:57 [info]: Server running on http://localhost:3089
2025-02-17 21:32:01 [info]: Server running on http://localhost:3089
2025-02-17 22:03:37 [info]: Server running on http://localhost:3089
2025-02-17 22:03:42 [info]: Server running on http://localhost:3089
2025-02-17 22:03:43 [info]: Server running on http://localhost:3089
2025-02-17 22:03:49 [info]: Server running on http://localhost:3089
2025-02-17 22:03:51 [info]: Server running on http://localhost:3089
2025-02-17 22:03:52 [info]: Server running on http://localhost:3089
2025-02-17 22:03:53 [info]: Server running on http://localhost:3089
2025-02-18 09:13:43 [info]: Server running on http://localhost:3089
2025-02-18 09:15:24 [info]: Server running on http://localhost:3089
2025-02-18 09:16:14 [info]: Server running on http://localhost:3089
2025-02-18 09:16:29 [info]: Server running on http://localhost:3089
2025-02-18 09:16:39 [info]: Server running on http://localhost:3089
2025-02-18 09:16:42 [info]: Server running on http://localhost:3089
2025-02-18 09:16:43 [info]: Server running on http://localhost:3089
2025-02-18 09:16:45 [info]: Server running on http://localhost:3089
2025-02-18 09:16:57 [info]: Server running on http://localhost:3089
2025-02-18 09:16:59 [info]: Server running on http://localhost:3089
2025-02-18 09:17:02 [info]: Server running on http://localhost:3089
2025-02-18 09:17:04 [info]: Server running on http://localhost:3089
2025-02-18 09:17:13 [info]: Server running on http://localhost:3089
2025-02-18 09:17:17 [info]: Server running on http://localhost:3089
2025-02-18 09:17:19 [info]: Server running on http://localhost:3089
2025-02-18 09:17:22 [info]: Server running on http://localhost:3089
2025-02-18 09:17:24 [info]: Server running on http://localhost:3089
2025-02-18 09:17:25 [info]: Server running on http://localhost:3089
2025-02-18 09:17:26 [info]: Server running on http://localhost:3089
2025-02-18 09:17:28 [info]: Server running on http://localhost:3089
2025-02-18 09:17:36 [info]: Server running on http://localhost:3089
2025-02-18 09:17:36 [info]: Server running on http://localhost:3089
2025-02-18 09:17:40 [info]: Server running on http://localhost:3089
2025-02-18 09:17:43 [info]: Server running on http://localhost:3089
2025-02-18 09:17:45 [info]: Server running on http://localhost:3089
2025-02-18 09:17:48 [info]: Server running on http://localhost:3089
2025-02-18 09:18:15 [info]: Server running on http://localhost:3089
2025-02-18 09:18:17 [info]: Server running on http://localhost:3089
2025-02-18 09:18:19 [info]: Server running on http://localhost:3089
2025-02-18 09:18:22 [info]: Server running on http://localhost:3089
2025-02-18 09:18:25 [info]: Server running on http://localhost:3089
2025-02-18 09:18:29 [info]: Server running on http://localhost:3089
2025-02-18 09:18:33 [info]: Server running on http://localhost:3089
2025-02-18 09:18:38 [info]: Server running on http://localhost:3089
2025-02-18 09:18:41 [info]: Server running on http://localhost:3089
2025-02-18 09:18:44 [info]: Server running on http://localhost:3089
2025-02-18 09:19:01 [info]: Server running on http://localhost:3089
2025-02-18 09:19:03 [info]: Server running on http://localhost:3089
2025-02-18 09:19:09 [info]: Server running on http://localhost:3089
2025-02-18 09:19:11 [info]: Server running on http://localhost:3089
2025-02-18 09:19:14 [info]: Server running on http://localhost:3089
2025-02-19 09:06:01 [info]: Server running on http://localhost:3089
2025-02-19 09:06:30 [info]: Server running on http://localhost:3089
2025-02-19 09:06:48 [info]: Server running on http://localhost:3089
2025-02-19 09:07:23 [info]: Server running on http://localhost:3089
2025-02-19 09:07:25 [info]: Server running on http://localhost:3089
2025-02-19 09:07:32 [info]: Server running on http://localhost:3089
2025-02-19 09:07:34 [info]: Server running on http://localhost:3089
2025-02-19 09:08:21 [info]: Server running on http://localhost:3089
2025-02-19 09:08:45 [info]: Server running on http://localhost:3089
2025-02-19 09:47:50 [info]: Server running on http://localhost:3089
2025-02-19 09:49:33 [info]: Server running on http://localhost:3089
2025-02-19 09:49:35 [info]: Server running on http://localhost:3089
2025-02-19 09:49:37 [info]: Server running on http://localhost:3089
2025-02-19 09:49:38 [info]: Server running on http://localhost:3089
2025-02-19 09:49:51 [info]: Server running on http://localhost:3089
2025-02-19 09:49:52 [info]: Server running on http://localhost:3089
2025-02-19 09:49:53 [info]: Server running on http://localhost:3089
2025-02-19 09:49:55 [info]: Server running on http://localhost:3089
2025-02-19 09:51:12 [info]: Server running on http://localhost:3089
2025-02-19 12:56:15 [info]: Server running on http://localhost:3089
2025-02-19 13:26:49 [info]: Server running on http://localhost:3089
2025-02-19 13:26:57 [info]: Server running on http://localhost:3089
2025-02-19 14:05:48 [info]: Server running on http://localhost:3089
2025-02-19 15:02:48 [info]: Server running on http://localhost:3089
2025-02-19 15:02:53 [info]: Server running on http://localhost:3089
2025-02-19 15:03:34 [info]: Server running on http://localhost:3089
2025-02-19 15:03:35 [info]: Server running on http://localhost:3089
2025-02-19 15:03:37 [info]: Server running on http://localhost:3089
2025-02-19 15:03:40 [info]: Server running on http://localhost:3089
2025-02-19 15:03:45 [info]: Server running on http://localhost:3089
2025-02-19 15:03:51 [info]: Server running on http://localhost:3089
2025-02-19 15:03:54 [info]: Server running on http://localhost:3089
2025-02-19 15:04:19 [info]: Server running on http://localhost:3089
2025-02-19 15:40:35 [info]: Server running on http://localhost:3089
2025-02-19 15:40:37 [info]: Server running on http://localhost:3089
2025-02-19 15:40:40 [info]: Server running on http://localhost:3089
2025-02-19 15:40:41 [info]: Server running on http://localhost:3089
2025-02-19 15:40:42 [info]: Server running on http://localhost:3089
2025-02-19 15:44:10 [info]: Server running on http://localhost:3089
2025-02-19 15:44:10 [info]: Server running on http://localhost:3089
2025-02-19 15:44:25 [info]: Server running on http://localhost:3089
2025-02-19 15:44:51 [info]: Server running on http://localhost:3089
2025-02-19 15:44:56 [info]: Server running on http://localhost:3089
2025-02-19 15:45:22 [info]: Server running on http://localhost:3089
2025-02-19 15:45:29 [info]: Server running on http://localhost:3089
2025-02-19 15:45:38 [info]: Server running on http://localhost:3089
2025-02-19 15:45:39 [info]: Server running on http://localhost:3089
2025-02-19 15:46:11 [info]: Server running on http://localhost:3089
2025-02-19 15:46:17 [info]: Server running on http://localhost:3089
2025-02-19 15:46:17 [info]: Server running on http://localhost:3089
2025-02-19 15:46:17 [info]: Server running on http://localhost:3089
2025-02-19 15:46:18 [info]: Server running on http://localhost:3089
2025-02-19 15:47:31 [info]: Server running on http://localhost:3089
2025-02-19 15:47:35 [info]: Server running on http://localhost:3089
2025-02-19 15:48:32 [info]: Server running on http://localhost:3089
2025-02-21 13:31:42 [info]: Server running on http://localhost:3089
2025-02-21 14:05:32 [info]: Server running on http://localhost:3089
2025-02-21 14:06:00 [info]: Server running on http://localhost:3089
2025-02-21 14:06:02 [info]: Server running on http://localhost:3089
2025-02-21 14:06:09 [info]: Server running on http://localhost:3089
2025-02-21 14:06:22 [info]: Server running on http://localhost:3089
2025-02-21 14:06:39 [info]: Server running on http://localhost:3089
2025-02-21 14:06:47 [info]: Server running on http://localhost:3089
2025-02-21 14:06:53 [info]: Server running on http://localhost:3089
2025-02-21 14:06:56 [info]: Server running on http://localhost:3089
2025-02-21 14:07:27 [info]: Server running on http://localhost:3089
2025-02-21 14:07:30 [info]: Server running on http://localhost:3089
2025-02-21 14:07:33 [info]: Server running on http://localhost:3089
2025-02-21 14:07:54 [info]: Server running on http://localhost:3089
2025-02-21 14:08:07 [info]: Server running on http://localhost:3089
2025-02-21 14:08:15 [info]: Server running on http://localhost:3089
2025-02-21 14:08:16 [info]: Server running on http://localhost:3089
2025-02-21 14:08:18 [info]: Server running on http://localhost:3089
2025-02-21 14:08:23 [info]: Server running on http://localhost:3089
2025-02-21 14:08:26 [info]: Server running on http://localhost:3089
2025-02-21 14:14:13 [info]: Server running on http://localhost:3089
2025-02-21 14:14:16 [info]: Server running on http://localhost:3089
2025-02-21 14:14:19 [info]: Server running on http://localhost:3089
2025-02-21 14:14:23 [info]: Server running on http://localhost:3089
2025-02-21 14:14:32 [info]: Server running on http://localhost:3089
2025-02-21 14:14:36 [info]: Server running on http://localhost:3089
2025-02-21 14:14:52 [info]: Server running on http://localhost:3089
2025-02-21 14:14:55 [info]: Server running on http://localhost:3089
2025-02-21 14:15:02 [info]: Server running on http://localhost:3089
2025-02-21 14:15:04 [info]: Server running on http://localhost:3089
2025-02-21 14:15:43 [info]: Server running on http://localhost:3089
2025-02-21 14:15:51 [info]: Server running on http://localhost:3089
2025-02-21 14:15:52 [info]: Server running on http://localhost:3089
2025-02-21 14:37:07 [info]: Server running on http://localhost:3089
2025-02-21 14:37:11 [info]: Server running on http://localhost:3089
2025-02-21 14:37:15 [info]: Server running on http://localhost:3089
2025-02-21 14:38:21 [info]: Server running on http://localhost:3089
2025-02-21 15:55:00 [info]: Server running on http://localhost:3089
2025-02-21 15:55:08 [info]: Server running on http://localhost:3089
2025-02-21 15:55:16 [info]: Server running on http://localhost:3089
2025-02-21 15:55:28 [info]: Server running on http://localhost:3089
2025-02-21 15:55:49 [info]: Server running on http://localhost:3089
2025-02-21 15:56:23 [info]: Server running on http://localhost:3089
2025-02-21 15:56:41 [info]: Server running on http://localhost:3089
2025-02-21 15:56:42 [info]: Server running on http://localhost:3089
2025-02-21 15:57:02 [info]: Server running on http://localhost:3089
2025-02-21 15:57:08 [info]: Server running on http://localhost:3089
2025-02-21 15:57:11 [info]: Server running on http://localhost:3089
2025-02-21 15:57:13 [info]: Server running on http://localhost:3089
2025-02-21 15:58:02 [info]: Server running on http://localhost:3089
2025-02-21 15:58:09 [info]: Server running on http://localhost:3089
2025-02-21 15:58:11 [info]: Server running on http://localhost:3089
2025-02-21 15:58:21 [info]: Server running on http://localhost:3089
2025-02-21 15:58:23 [info]: Server running on http://localhost:3089
2025-02-21 15:58:53 [info]: Server running on http://localhost:3089
2025-02-21 15:59:00 [info]: Server running on http://localhost:3089
2025-02-21 15:59:00 [info]: Server running on http://localhost:3089
2025-02-21 15:59:04 [info]: Server running on http://localhost:3089
2025-02-21 16:02:53 [info]: Server running on http://localhost:3089
2025-02-21 16:02:56 [info]: Server running on http://localhost:3089
2025-02-21 16:02:58 [info]: Server running on http://localhost:3089
2025-02-21 16:03:00 [info]: Server running on http://localhost:3089
2025-02-21 16:03:02 [info]: Server running on http://localhost:3089
2025-02-21 16:04:07 [info]: Server running on http://localhost:3089
2025-02-21 16:05:46 [info]: Server running on http://localhost:3089
2025-02-21 16:05:47 [info]: Server running on http://localhost:3089
2025-02-21 16:06:14 [info]: Server running on http://localhost:3089
2025-02-21 16:06:30 [info]: Server running on http://localhost:3089
2025-02-21 16:06:31 [info]: Server running on http://localhost:3089
2025-02-21 16:06:34 [info]: Server running on http://localhost:3089
2025-02-21 16:06:35 [info]: Server running on http://localhost:3089
2025-02-21 16:09:06 [info]: Server running on http://localhost:3089
2025-02-21 16:10:33 [info]: Server running on http://localhost:3089
2025-02-21 16:10:38 [info]: Server running on http://localhost:3089
2025-02-21 16:14:08 [info]: Server running on http://localhost:3089
2025-02-21 16:14:09 [info]: Server running on http://localhost:3089
2025-02-21 16:14:10 [info]: Server running on http://localhost:3089
2025-02-21 16:14:20 [info]: Server running on http://localhost:3089
2025-02-21 16:14:22 [info]: Server running on http://localhost:3089
2025-02-21 16:14:24 [info]: Server running on http://localhost:3089
2025-02-21 16:14:27 [info]: Server running on http://localhost:3089
2025-02-21 16:14:30 [info]: Server running on http://localhost:3089
2025-02-21 16:14:35 [info]: Server running on http://localhost:3089
2025-02-21 16:14:38 [info]: Server running on http://localhost:3089
2025-02-21 16:14:42 [info]: Server running on http://localhost:3089
2025-02-21 16:14:44 [info]: Server running on http://localhost:3089
2025-02-21 16:14:45 [info]: Server running on http://localhost:3089
2025-02-21 16:14:48 [info]: Server running on http://localhost:3089
2025-02-21 16:26:22 [info]: Server running on http://localhost:3089
2025-02-21 16:42:01 [info]: Server running on http://localhost:3089
2025-02-21 16:43:09 [info]: Server running on http://localhost:3089
2025-02-21 16:43:12 [info]: Server running on http://localhost:3089
2025-02-21 16:43:14 [info]: Server running on http://localhost:3089
2025-02-21 16:43:16 [info]: Server running on http://localhost:3089
2025-02-21 16:43:30 [info]: Server running on http://localhost:3089
2025-02-21 16:43:44 [info]: Server running on http://localhost:3089
2025-02-21 16:43:45 [info]: Server running on http://localhost:3089
2025-02-21 16:43:47 [info]: Server running on http://localhost:3089
2025-02-21 16:43:52 [info]: Server running on http://localhost:3089
2025-02-21 16:44:08 [info]: Server running on http://localhost:3089
2025-02-21 16:44:12 [info]: Server running on http://localhost:3089
2025-02-21 16:44:14 [info]: Server running on http://localhost:3089
2025-02-21 16:44:15 [info]: Server running on http://localhost:3089
2025-02-21 16:44:57 [info]: Server running on http://localhost:3089
2025-02-21 16:45:08 [info]: Server running on http://localhost:3089
2025-02-21 16:45:17 [info]: Server running on http://localhost:3089
2025-02-21 16:45:26 [info]: Server running on http://localhost:3089
2025-02-21 16:45:29 [info]: Server running on http://localhost:3089
2025-02-21 16:45:35 [info]: Server running on http://localhost:3089
2025-02-21 16:51:29 [info]: Server running on http://localhost:3089
2025-02-21 16:53:03 [info]: Server running on http://localhost:3089
2025-02-21 16:53:10 [info]: Server running on http://localhost:3089
2025-02-21 16:53:14 [info]: Server running on http://localhost:3089
2025-02-21 16:53:17 [info]: Server running on http://localhost:3089
2025-02-21 16:53:21 [info]: Server running on http://localhost:3089
2025-02-21 16:53:23 [info]: Server running on http://localhost:3089
2025-02-21 16:53:24 [info]: Server running on http://localhost:3089
2025-02-21 16:53:28 [info]: Server running on http://localhost:3089
2025-02-21 16:54:10 [info]: Server running on http://localhost:3089
2025-02-21 16:54:11 [info]: Server running on http://localhost:3089
2025-02-21 17:29:26 [info]: Server running on http://localhost:3089
2025-02-21 17:29:31 [info]: Server running on http://localhost:3089
2025-02-21 17:29:33 [info]: Server running on http://localhost:3089
2025-02-21 17:29:36 [info]: Server running on http://localhost:3089
2025-02-21 17:29:47 [info]: Server running on http://localhost:3089
2025-02-21 17:30:36 [info]: Server running on http://localhost:3089
2025-02-21 17:30:45 [info]: Server running on http://localhost:3089
2025-02-21 19:05:48 [info]: Server running on http://localhost:3089
2025-02-21 19:05:56 [info]: Server running on http://localhost:3089
2025-02-21 19:06:01 [info]: Server running on http://localhost:3089
2025-02-21 19:06:02 [info]: Server running on http://localhost:3089
2025-02-21 19:07:28 [info]: Server running on http://localhost:3089
2025-02-21 19:27:49 [info]: Server running on http://localhost:3089
2025-02-21 19:27:53 [info]: Server running on http://localhost:3089
2025-02-21 19:27:55 [info]: Server running on http://localhost:3089
2025-02-21 19:27:56 [info]: Server running on http://localhost:3089
2025-02-21 19:30:25 [info]: Server running on http://localhost:3089
2025-02-21 19:30:26 [info]: Server running on http://localhost:3089
2025-02-21 19:30:27 [info]: Server running on http://localhost:3089
2025-02-21 19:30:39 [info]: Server running on http://localhost:3089
2025-02-21 19:30:42 [info]: Server running on http://localhost:3089
2025-02-21 19:30:48 [info]: Server running on http://localhost:3089
2025-02-21 19:30:55 [info]: Server running on http://localhost:3089
2025-02-21 19:46:43 [info]: Server running on http://localhost:3089
2025-02-21 21:15:29 [info]: Server running on http://localhost:3089
2025-02-21 21:15:30 [info]: Server running on http://localhost:3089
2025-02-21 21:15:55 [info]: Server running on http://localhost:3089
2025-02-21 21:15:56 [info]: Server running on http://localhost:3089
2025-02-21 21:15:59 [info]: Server running on http://localhost:3089
2025-02-21 21:20:28 [info]: Server running on http://localhost:3089
2025-02-21 22:56:07 [info]: Server running on http://localhost:3089
2025-02-21 22:59:49 [info]: Server running on http://localhost:3089
2025-02-21 22:59:50 [info]: Server running on http://localhost:3089
2025-02-21 22:59:52 [info]: Server running on http://localhost:3089
2025-02-21 23:00:28 [info]: Server running on http://localhost:3089
2025-02-21 23:00:29 [info]: Server running on http://localhost:3089
2025-02-21 23:00:31 [info]: Server running on http://localhost:3089
2025-02-21 23:00:33 [info]: Server running on http://localhost:3089
2025-02-21 23:00:38 [info]: Server running on http://localhost:3089
2025-02-21 23:00:43 [info]: Server running on http://localhost:3089
2025-02-21 23:00:45 [info]: Server running on http://localhost:3089
2025-02-21 23:00:50 [info]: Server running on http://localhost:3089
2025-02-21 23:00:53 [info]: Server running on http://localhost:3089
2025-02-21 23:00:55 [info]: Server running on http://localhost:3089
2025-02-21 23:01:06 [info]: Server running on http://localhost:3089
2025-02-21 23:01:13 [info]: Server running on http://localhost:3089
2025-02-21 23:01:14 [info]: Server running on http://localhost:3089
2025-02-21 23:01:55 [info]: Server running on http://localhost:3089
2025-02-21 23:01:56 [info]: Server running on http://localhost:3089
2025-02-21 23:56:00 [info]: Server running on http://localhost:3089
2025-02-21 23:56:02 [info]: Server running on http://localhost:3089
2025-02-21 23:56:04 [info]: Server running on http://localhost:3089
2025-02-21 23:56:08 [info]: Server running on http://localhost:3089
2025-02-21 23:56:11 [info]: Server running on http://localhost:3089
2025-02-21 23:56:12 [info]: Server running on http://localhost:3089
2025-02-22 09:08:49 [info]: Server running on http://localhost:3089
2025-02-22 10:01:04 [info]: Server running on http://localhost:3089
2025-02-22 10:01:06 [info]: Server running on http://localhost:3089
2025-02-22 10:05:56 [info]: Server running on http://localhost:3089
2025-02-22 10:05:57 [info]: Server running on http://localhost:3089
2025-02-22 10:06:51 [info]: Server running on http://localhost:3089
2025-02-22 10:06:53 [info]: Server running on http://localhost:3089
2025-02-22 10:06:54 [info]: Server running on http://localhost:3089
2025-02-22 10:07:04 [info]: Server running on http://localhost:3089
2025-02-22 10:07:09 [info]: Server running on http://localhost:3089
2025-02-22 10:07:11 [info]: Server running on http://localhost:3089
2025-02-22 10:08:51 [info]: Server running on http://localhost:3089
2025-02-22 10:08:56 [info]: Server running on http://localhost:3089
2025-02-22 10:08:59 [info]: Server running on http://localhost:3089
2025-02-22 10:09:01 [info]: Server running on http://localhost:3089
2025-02-22 10:09:02 [info]: Server running on http://localhost:3089
2025-02-22 10:09:08 [info]: Server running on http://localhost:3089
2025-02-22 10:09:11 [info]: Server running on http://localhost:3089
2025-02-22 10:09:15 [info]: Server running on http://localhost:3089
2025-02-22 10:09:16 [info]: Server running on http://localhost:3089
2025-02-22 10:09:19 [info]: Server running on http://localhost:3089
2025-02-22 10:09:21 [info]: Server running on http://localhost:3089
2025-02-22 10:09:24 [info]: Server running on http://localhost:3089
2025-02-22 10:09:29 [info]: Server running on http://localhost:3089
2025-02-22 10:09:58 [info]: Server running on http://localhost:3089
2025-02-22 10:10:00 [info]: Server running on http://localhost:3089
2025-02-22 10:10:03 [info]: Server running on http://localhost:3089
2025-02-22 10:10:44 [info]: Server running on http://localhost:3089
2025-02-22 13:01:11 [info]: Server running on http://localhost:3089
2025-02-22 13:01:17 [info]: Server running on http://localhost:3089
2025-02-22 13:01:21 [info]: Server running on http://localhost:3089
2025-02-22 13:01:38 [info]: Server running on http://localhost:3089
2025-02-22 13:01:42 [info]: Server running on http://localhost:3089
2025-02-22 13:02:01 [info]: Server running on http://localhost:3089
2025-02-22 13:02:07 [info]: Server running on http://localhost:3089
2025-02-22 13:02:08 [info]: Server running on http://localhost:3089
2025-02-22 13:02:18 [info]: Server running on http://localhost:3089
2025-02-22 13:02:22 [info]: Server running on http://localhost:3089
2025-02-22 13:02:29 [info]: Server running on http://localhost:3089
2025-02-22 13:02:31 [info]: Server running on http://localhost:3089
2025-02-22 13:02:34 [info]: Server running on http://localhost:3089
2025-02-22 13:02:36 [info]: Server running on http://localhost:3089
2025-02-22 13:02:38 [info]: Server running on http://localhost:3089
2025-02-22 13:02:41 [info]: Server running on http://localhost:3089
2025-02-22 13:02:43 [info]: Server running on http://localhost:3089
2025-02-22 13:03:10 [info]: Server running on http://localhost:3089
2025-02-22 13:03:11 [info]: Server running on http://localhost:3089
2025-02-22 13:04:25 [info]: Server running on http://localhost:3089
2025-02-22 13:04:31 [info]: Server running on http://localhost:3089
2025-02-22 13:04:47 [info]: Server running on http://localhost:3089
2025-02-22 15:01:10 [info]: Server running on http://localhost:3089
2025-02-22 16:22:03 [info]: Server running on http://localhost:3089
2025-02-22 16:22:22 [info]: Server running on http://localhost:3089
2025-02-22 16:28:51 [info]: Server running on http://localhost:3089
2025-02-22 16:28:53 [info]: Server running on http://localhost:3089
2025-02-22 17:03:59 [info]: Server running on http://localhost:3089
2025-02-22 17:04:03 [info]: Server running on http://localhost:3089
2025-02-22 17:04:06 [info]: Server running on http://localhost:3089
2025-02-22 23:23:30 [info]: Server running on http://localhost:3089
2025-02-22 23:25:46 [info]: Server running on http://localhost:3089
2025-02-22 23:26:33 [info]: Server running on http://localhost:3089
2025-02-22 23:26:34 [info]: Server running on http://localhost:3089
2025-02-22 23:26:36 [info]: Server running on http://localhost:3089
2025-02-22 23:26:42 [info]: Server running on http://localhost:3089
2025-02-22 23:26:43 [info]: Server running on http://localhost:3089
2025-02-22 23:29:01 [info]: Server running on http://localhost:3089
2025-02-22 23:29:05 [info]: Server running on http://localhost:3089
2025-02-22 23:29:07 [info]: Server running on http://localhost:3089
2025-02-23 08:09:09 [info]: Server running on http://localhost:3089
2025-02-23 10:24:19 [info]: Server running on http://localhost:3089
2025-02-23 10:32:48 [info]: Server running on http://localhost:3089
2025-02-23 10:32:49 [info]: Server running on http://localhost:3089
2025-02-23 10:32:52 [info]: Server running on http://localhost:3089
2025-02-23 10:32:53 [info]: Server running on http://localhost:3089
2025-02-23 10:32:58 [info]: Server running on http://localhost:3089
2025-02-23 10:33:03 [info]: Server running on http://localhost:3089
2025-02-23 10:33:10 [info]: Server running on http://localhost:3089
2025-02-23 10:33:12 [info]: Server running on http://localhost:3089
2025-02-23 10:33:14 [info]: Server running on http://localhost:3089
2025-02-23 10:33:15 [info]: Server running on http://localhost:3089
2025-02-23 10:33:17 [info]: Server running on http://localhost:3089
2025-02-23 10:33:25 [info]: Server running on http://localhost:3089
2025-02-23 10:33:41 [info]: Server running on http://localhost:3089
2025-02-23 10:35:15 [info]: Server running on http://localhost:3089
2025-02-23 10:56:45 [info]: Server running on http://localhost:3089
2025-02-23 11:19:42 [info]: Server running on http://localhost:3089
2025-02-23 11:50:29 [info]: Server running on http://localhost:3089
2025-02-23 11:51:42 [info]: Server running on http://localhost:3089
2025-02-23 12:03:11 [info]: Server running on http://localhost:3089
2025-02-23 12:04:31 [info]: Server running on http://localhost:3089
2025-02-23 12:06:41 [info]: Server running on http://localhost:3089
2025-02-23 12:06:42 [info]: Server running on http://localhost:3089
2025-02-24 19:13:29 [info]: Server running on http://localhost:3089
2025-02-24 19:17:59 [info]: Server running on http://localhost:3089
2025-03-06 12:42:55 [info]: Server running on http://localhost:3089
2025-03-06 12:46:52 [info]: Server running on http://localhost:3089
2025-03-06 12:46:55 [info]: Server running on http://localhost:3089
2025-03-06 12:46:55 [info]: Server running on http://localhost:3089
2025-03-06 12:46:59 [info]: Server running on http://localhost:3089
2025-03-06 12:47:01 [info]: Server running on http://localhost:3089
2025-03-06 12:47:03 [info]: Server running on http://localhost:3089
2025-03-06 12:47:06 [info]: Server running on http://localhost:3089
2025-03-06 12:50:14 [info]: Server running on http://localhost:3089
2025-03-06 12:51:30 [info]: Server running on http://localhost:3089
2025-03-06 12:55:51 [info]: Server running on http://localhost:3089
2025-03-09 09:01:21 [info]: Server running on http://localhost:3089
2025-03-09 09:05:52 [info]: Server running on http://localhost:3089
2025-03-09 09:06:37 [info]: Server running on http://localhost:3089
2025-03-09 09:14:45 [info]: Server running on http://localhost:3089
2025-03-09 09:14:53 [info]: Server running on http://localhost:3089
2025-03-09 09:17:16 [info]: Server running on http://localhost:3089
2025-03-09 09:17:17 [info]: Server running on http://localhost:3089
2025-03-09 09:17:23 [info]: Server running on http://localhost:3089
2025-03-09 09:17:25 [info]: Server running on http://localhost:3089
2025-03-09 09:17:37 [info]: Server running on http://localhost:3089
2025-03-09 09:18:03 [info]: Server running on http://localhost:3089
2025-03-09 09:18:20 [info]: Server running on http://localhost:3089
2025-03-09 09:18:23 [info]: Server running on http://localhost:3089
2025-03-09 09:18:25 [info]: Server running on http://localhost:3089
2025-03-09 09:18:44 [info]: Server running on http://localhost:3089
2025-03-09 09:18:46 [info]: Server running on http://localhost:3089
2025-03-09 09:18:50 [info]: Server running on http://localhost:3089
2025-03-09 09:23:28 [info]: Server running on http://localhost:3089
2025-03-09 09:23:30 [info]: Server running on http://localhost:3089
2025-03-09 09:23:42 [info]: Server running on http://localhost:3089
2025-03-09 09:23:46 [info]: Server running on http://localhost:3089
2025-03-09 09:23:47 [info]: Server running on http://localhost:3089
2025-03-09 09:23:50 [info]: Server running on http://localhost:3089
2025-03-09 09:23:53 [info]: Server running on http://localhost:3089
2025-03-09 09:23:55 [info]: Server running on http://localhost:3089
2025-03-09 09:23:58 [info]: Server running on http://localhost:3089
2025-03-09 09:24:03 [info]: Server running on http://localhost:3089
2025-03-09 09:24:03 [info]: Server running on http://localhost:3089
2025-03-09 09:24:05 [info]: Server running on http://localhost:3089
2025-03-09 09:24:48 [info]: Server running on http://localhost:3089
2025-03-09 09:24:49 [info]: Server running on http://localhost:3089
2025-03-09 09:24:53 [info]: Server running on http://localhost:3089
2025-03-09 09:24:56 [info]: Server running on http://localhost:3089
2025-03-09 09:24:56 [info]: Server running on http://localhost:3089
2025-03-09 09:25:06 [info]: Server running on http://localhost:3089
2025-03-09 09:25:15 [info]: Server running on http://localhost:3089
2025-03-09 09:25:18 [info]: Server running on http://localhost:3089
2025-03-09 09:25:20 [info]: Server running on http://localhost:3089
2025-03-09 09:25:30 [info]: Server running on http://localhost:3089
2025-03-09 09:30:24 [info]: Server running on http://localhost:3089
2025-03-09 09:31:55 [info]: Server running on http://localhost:3089
2025-03-09 09:32:04 [info]: Server running on http://localhost:3089
2025-03-09 09:32:19 [info]: Server running on http://localhost:3089
2025-03-09 10:03:06 [info]: Server running on http://localhost:3089
2025-03-09 10:03:10 [info]: Server running on http://localhost:3089
2025-03-09 10:03:11 [info]: Server running on http://localhost:3089
2025-03-09 10:08:21 [info]: Server running on http://localhost:3089
2025-03-09 10:09:48 [error]: 
Invalid `prisma.user.findUnique()` invocation in
/Users/rabinrai/Desktop/Final Year Project/Development/merobus_backend/controller/authController.js:50:36

  47     .json({ message: "Email and password are required" });
  48 }
  49 
 50 const user = await prisma.user.findUnique(
Can't reach database server at `localhost:3306`

Please make sure your database server is running at `localhost:3306`.
2025-03-09 10:12:50 [info]: Server running on http://localhost:3089
2025-03-09 10:14:04 [info]: Server running on http://localhost:3089
2025-03-09 10:14:05 [info]: Server running on http://localhost:3089
2025-03-09 10:14:07 [info]: Server running on http://localhost:3089
2025-03-09 10:14:10 [info]: Server running on http://localhost:3089
2025-03-09 10:14:11 [info]: Server running on http://localhost:3089
2025-03-09 10:14:18 [info]: Server running on http://localhost:3089
2025-03-09 10:14:20 [info]: Server running on http://localhost:3089
2025-03-09 10:14:23 [info]: Server running on http://localhost:3089
2025-03-09 10:14:50 [info]: Server running on http://localhost:3089
2025-03-09 10:21:56 [info]: Server running on http://localhost:3089
2025-03-09 10:22:22 [info]: Server running on http://localhost:3089
2025-03-09 10:22:28 [info]: Server running on http://localhost:3089
2025-03-09 10:22:36 [info]: Server running on http://localhost:3089
2025-03-09 10:22:40 [info]: Server running on http://localhost:3089
2025-03-09 10:23:44 [info]: Server running on http://localhost:3089
2025-03-09 10:23:54 [info]: Server running on http://localhost:3089
2025-03-09 10:24:00 [info]: Server running on http://localhost:3089
2025-03-09 10:39:53 [info]: Server running on http://localhost:3089
2025-03-09 10:40:02 [info]: Server running on http://localhost:3089
2025-03-09 10:40:13 [info]: Server running on http://localhost:3089
2025-03-09 10:40:25 [info]: Server running on http://localhost:3089
2025-03-09 10:40:47 [info]: Server running on http://localhost:3089
2025-03-09 10:40:49 [info]: Server running on http://localhost:3089
2025-03-09 10:50:54 [info]: Server running on http://localhost:3089
2025-03-09 11:04:07 [info]: Server running on http://localhost:3089
2025-03-09 11:18:04 [info]: Server running on http://localhost:3089
2025-03-09 11:19:38 [info]: Server running on http://localhost:3089
2025-03-09 11:20:59 [info]: Server running on http://localhost:3089
2025-03-09 11:31:56 [info]: Server running on http://localhost:3089
2025-03-09 11:32:09 [info]: Server running on http://localhost:3089
2025-03-09 11:32:11 [info]: Server running on http://localhost:3089
2025-03-09 11:32:14 [info]: Server running on http://localhost:3089
2025-03-09 11:32:35 [info]: Server running on http://localhost:3089
2025-03-09 11:43:27 [info]: Server running on http://localhost:3089
2025-03-09 11:43:30 [info]: Server running on http://localhost:3089
2025-03-09 11:43:42 [info]: Server running on http://localhost:3089
2025-03-09 11:43:45 [info]: Server running on http://localhost:3089
2025-03-09 11:43:56 [info]: Server running on http://localhost:3089
2025-03-09 11:44:56 [info]: Server running on http://localhost:3089
2025-03-09 11:44:57 [info]: Server running on http://localhost:3089
2025-03-09 11:45:02 [info]: Server running on http://localhost:3089
2025-03-09 11:45:06 [info]: Server running on http://localhost:3089
2025-03-09 11:47:07 [info]: Server running on http://localhost:3089
2025-03-09 11:49:19 [info]: Server running on http://localhost:3089
2025-03-09 11:50:02 [info]: Server running on http://localhost:3089
2025-03-09 11:50:02 [info]: Server running on http://localhost:3089
2025-03-09 11:50:27 [info]: Server running on http://localhost:3089
2025-03-09 11:50:31 [info]: Server running on http://localhost:3089
2025-03-09 11:50:32 [info]: Server running on http://localhost:3089
2025-03-09 11:50:34 [info]: Server running on http://localhost:3089
2025-03-09 11:55:45 [info]: Server running on http://localhost:3089
2025-03-09 11:56:18 [info]: Server running on http://localhost:3089
2025-03-09 11:58:43 [info]: Server running on http://localhost:3089
2025-03-09 12:01:01 [info]: Server running on http://localhost:3089
2025-03-09 12:01:23 [info]: Server running on http://localhost:3089
2025-03-09 12:01:27 [info]: Server running on http://localhost:3089
2025-03-09 12:01:37 [info]: Server running on http://localhost:3089
2025-03-09 12:01:38 [info]: Server running on http://localhost:3089
2025-03-09 12:01:43 [info]: Server running on http://localhost:3089
2025-03-09 12:01:44 [info]: Server running on http://localhost:3089
2025-03-09 12:01:48 [info]: Server running on http://localhost:3089
2025-03-09 12:02:51 [info]: Server running on http://localhost:3089
2025-03-09 12:02:55 [info]: Server running on http://localhost:3089
2025-03-09 12:02:56 [info]: Server running on http://localhost:3089
2025-03-09 12:08:21 [info]: Server running on http://localhost:3089
2025-03-11 09:40:45 [info]: Server running on http://localhost:3089
2025-03-11 09:47:15 [info]: Server running on http://localhost:3089
2025-03-11 09:47:19 [info]: Server running on http://localhost:3089
2025-03-11 09:47:21 [info]: Server running on http://localhost:3089
2025-03-11 09:47:22 [info]: Server running on http://localhost:3089
2025-03-11 09:56:34 [info]: Server running on http://localhost:3089
2025-03-11 22:27:10 [info]: Server running on http://localhost:3089
2025-03-12 14:40:23 [info]: Server running on http://localhost:3089
2025-03-12 15:23:45 [info]: Server running on http://localhost:3089
2025-03-12 15:23:46 [info]: Server running on http://localhost:3089
2025-03-12 15:23:59 [info]: Server running on http://localhost:3089
2025-03-12 15:24:05 [info]: Server running on http://localhost:3089
2025-03-12 15:24:58 [info]: Server running on http://localhost:3089
2025-03-12 15:24:59 [info]: Server running on http://localhost:3089
2025-03-12 15:25:19 [info]: Server running on http://localhost:3089
2025-03-12 15:25:20 [info]: Server running on http://localhost:3089
2025-03-12 15:27:56 [info]: Server running on http://localhost:3089
2025-03-12 15:28:39 [info]: Server running on http://localhost:3089
2025-03-12 15:28:42 [info]: Server running on http://localhost:3089
2025-03-12 15:28:46 [info]: Server running on http://localhost:3089
2025-03-12 15:28:47 [info]: Server running on http://localhost:3089
2025-03-12 15:31:05 [info]: Server running on http://localhost:3089
2025-03-12 15:31:06 [info]: Server running on http://localhost:3089
2025-03-12 15:31:58 [info]: Server running on http://localhost:3089
2025-03-12 15:33:49 [info]: Server running on http://localhost:3089
2025-03-12 15:35:02 [info]: Server running on http://localhost:3089
2025-03-12 15:35:03 [info]: Server running on http://localhost:3089
2025-03-12 15:35:04 [info]: Server running on http://localhost:3089
2025-03-12 15:36:50 [info]: Server running on http://localhost:3089
2025-03-12 15:37:01 [info]: Server running on http://localhost:3089
2025-03-12 15:37:03 [info]: Server running on http://localhost:3089
2025-03-12 15:37:04 [info]: Server running on http://localhost:3089
2025-03-12 15:39:11 [info]: Server running on http://localhost:3089
2025-03-12 15:39:14 [info]: Server running on http://localhost:3089
2025-03-12 15:39:16 [info]: Server running on http://localhost:3089
2025-03-12 15:40:20 [info]: Server running on http://localhost:3089
2025-03-12 15:40:55 [info]: Server running on http://localhost:3089
2025-03-12 15:40:57 [info]: Server running on http://localhost:3089
2025-03-12 15:41:00 [info]: Server running on http://localhost:3089
2025-03-12 15:41:03 [info]: Server running on http://localhost:3089
2025-03-12 15:41:19 [info]: Server running on http://localhost:3089
2025-03-12 15:41:20 [info]: Server running on http://localhost:3089
2025-03-12 15:41:27 [info]: Server running on http://localhost:3089
2025-03-12 15:41:30 [info]: Server running on http://localhost:3089
2025-03-12 15:42:08 [info]: Server running on http://localhost:3089
2025-03-12 15:42:10 [info]: Server running on http://localhost:3089
2025-03-12 15:42:14 [info]: Server running on http://localhost:3089
2025-03-12 15:42:38 [info]: Server running on http://localhost:3089
2025-03-12 15:42:40 [info]: Server running on http://localhost:3089
2025-03-12 15:42:43 [info]: Server running on http://localhost:3089
2025-03-12 15:42:50 [info]: Server running on http://localhost:3089
2025-03-12 16:02:45 [info]: Server running on http://localhost:3089
2025-03-12 16:03:04 [info]: Server running on http://localhost:3089
2025-03-12 16:03:22 [info]: Server running on http://localhost:3089
2025-03-12 16:03:31 [info]: Server running on http://localhost:3089
2025-03-12 16:03:39 [info]: Server running on http://localhost:3089
2025-03-12 16:03:41 [info]: Server running on http://localhost:3089
2025-03-12 16:03:47 [info]: Server running on http://localhost:3089
2025-03-12 16:04:04 [info]: Server running on http://localhost:3089
2025-03-12 16:04:20 [info]: Server running on http://localhost:3089
2025-03-12 16:04:25 [info]: Server running on http://localhost:3089
2025-03-12 16:04:37 [info]: Server running on http://localhost:3089
2025-03-12 16:04:39 [info]: Server running on http://localhost:3089
2025-03-12 16:04:40 [info]: Server running on http://localhost:3089
2025-03-12 16:04:44 [info]: Server running on http://localhost:3089
2025-03-12 16:04:45 [info]: Server running on http://localhost:3089
2025-03-12 16:06:19 [info]: Server running on http://localhost:3089
2025-03-12 16:10:26 [info]: Server running on http://localhost:3089
2025-03-12 16:10:46 [info]: Server running on http://localhost:3089
2025-03-12 16:11:18 [info]: Server running on http://localhost:3089
2025-03-12 16:12:03 [info]: Server running on http://localhost:3089
2025-03-12 16:12:21 [info]: Server running on http://localhost:3089
2025-03-13 12:37:56 [info]: Server running on http://localhost:3089
2025-03-14 20:04:12 [info]: Server running on http://localhost:3089
2025-03-16 10:09:31 [info]: Server running on http://localhost:3089
2025-03-17 11:55:21 [info]: Server running on http://localhost:3089
2025-03-18 16:12:54 [info]: Server running on http://localhost:3089
2025-03-20 12:22:33 [info]: Server running on http://localhost:3089
2025-03-20 12:23:24 [info]: Server running on http://localhost:3089
2025-03-21 21:21:26 [info]: Server running on http://localhost:3089
2025-03-21 21:35:52 [info]: Server running on http://localhost:3089
2025-03-21 21:36:04 [info]: Server running on http://localhost:3089
2025-03-21 22:03:29 [info]: Server running on http://localhost:3089
2025-03-21 22:03:33 [info]: Server running on http://localhost:3089
2025-03-21 22:04:31 [info]: Server running on http://localhost:3089
2025-03-21 22:05:06 [info]: Server running on http://localhost:3089
2025-03-21 22:05:46 [info]: Server running on http://localhost:3089
2025-03-21 22:10:07 [info]: Server running on http://localhost:3089
2025-03-21 22:10:09 [info]: Server running on http://localhost:3089
2025-03-21 22:10:11 [info]: Server running on http://localhost:3089
2025-03-21 22:10:16 [info]: Server running on http://localhost:3089
2025-03-21 22:10:19 [info]: Server running on http://localhost:3089
2025-03-21 22:10:41 [info]: Server running on http://localhost:3089
2025-03-21 22:11:08 [info]: Server running on http://localhost:3089
2025-03-21 22:20:11 [info]: Server running on http://localhost:3089
2025-03-21 22:21:18 [info]: Server running on http://localhost:3089
2025-03-21 22:21:19 [info]: Server running on http://localhost:3089
2025-03-21 22:22:45 [info]: Server running on http://localhost:3089
2025-03-21 22:25:34 [info]: Server running on http://localhost:3089
2025-03-21 22:28:10 [info]: Server running on http://localhost:3089
2025-03-21 22:29:24 [info]: Server running on http://localhost:3089
2025-03-21 22:31:04 [info]: Server running on http://localhost:3089
2025-03-21 22:31:08 [info]: Server running on http://localhost:3089
2025-03-21 22:31:10 [info]: Server running on http://localhost:3089
2025-03-21 22:31:12 [info]: Server running on http://localhost:3089
2025-03-21 22:31:15 [info]: Server running on http://localhost:3089
2025-03-21 22:31:20 [info]: Server running on http://localhost:3089
2025-03-21 22:31:23 [info]: Server running on http://localhost:3089
2025-03-21 22:31:27 [info]: Server running on http://localhost:3089
2025-03-21 22:31:30 [info]: Server running on http://localhost:3089
2025-03-21 22:31:35 [info]: Server running on http://localhost:3089
2025-03-21 22:36:14 [info]: Server running on http://localhost:3089
2025-03-21 22:49:13 [info]: Server running on http://localhost:3089
2025-03-21 22:49:24 [info]: New client connected: L8-TRNXDlJSbqZL8AAAB
2025-03-21 22:49:24 [info]: User 1 logged in
2025-03-21 22:49:24 [info]: Client disconnected: L8-TRNXDlJSbqZL8AAAB
2025-03-21 22:49:26 [info]: New client connected: vjJ7CjC2zsLWOq5LAAAD
2025-03-21 22:49:26 [info]: User 1 logged in
2025-03-21 22:49:26 [info]: Client disconnected: vjJ7CjC2zsLWOq5LAAAD
2025-03-21 22:49:27 [info]: New client connected: AK32hQTA92nDNeWGAAAF
2025-03-21 22:49:27 [info]: User 1 logged in
2025-03-21 22:49:27 [info]: Client disconnected: AK32hQTA92nDNeWGAAAF
2025-03-21 22:49:28 [info]: New client connected: LkYOkpE0k0r0dL7TAAAH
2025-03-21 22:49:28 [info]: User 1 logged in
2025-03-21 22:49:28 [info]: Client disconnected: LkYOkpE0k0r0dL7TAAAH
2025-03-21 22:49:29 [info]: New client connected: UOXMDh8tPSxAtfGiAAAJ
2025-03-21 22:49:29 [info]: User 1 logged in
2025-03-21 22:49:29 [info]: Client disconnected: UOXMDh8tPSxAtfGiAAAJ
2025-03-21 22:50:29 [info]: New client connected: xhSCBNImyBO69jegAAAL
2025-03-21 22:50:29 [info]: User 1 logged in
2025-03-21 22:50:29 [info]: Client disconnected: xhSCBNImyBO69jegAAAL
2025-03-21 22:50:30 [info]: New client connected: 5xbh_-NFssw6uFznAAAN
2025-03-21 22:50:30 [info]: User 1 logged in
2025-03-21 22:50:30 [info]: Client disconnected: 5xbh_-NFssw6uFznAAAN
2025-03-21 22:50:32 [info]: New client connected: QVPG1Ebb3XZFUQy6AAAP
2025-03-21 22:50:32 [info]: User 1 logged in
2025-03-21 22:50:32 [info]: Client disconnected: QVPG1Ebb3XZFUQy6AAAP
2025-03-21 22:51:55 [info]: Server running on http://localhost:3089
2025-03-21 22:52:00 [info]: New client connected: JyAwWCOggMkbvA9eAAAB
2025-03-21 22:52:00 [info]: Connection details: transport=polling
2025-03-21 22:52:00 [info]: User 1 logged in via socket JyAwWCOggMkbvA9eAAAB
2025-03-21 22:52:00 [info]: Client disconnected: JyAwWCOggMkbvA9eAAAB, reason: transport close
2025-03-21 22:52:01 [info]: New client connected: zYFEZl1M60loBT2EAAAD
2025-03-21 22:52:01 [info]: Connection details: transport=polling
2025-03-21 22:52:01 [info]: User 1 logged in via socket zYFEZl1M60loBT2EAAAD
2025-03-21 22:52:01 [info]: Client disconnected: zYFEZl1M60loBT2EAAAD, reason: transport close
2025-03-21 22:52:01 [info]: New client connected: qr0OxQH_VC25GjDsAAAF
2025-03-21 22:52:01 [info]: Connection details: transport=polling
2025-03-21 22:52:01 [info]: User 1 logged in via socket qr0OxQH_VC25GjDsAAAF
2025-03-21 22:52:02 [info]: Client disconnected: qr0OxQH_VC25GjDsAAAF, reason: transport close
2025-03-21 22:53:07 [info]: New client connected: CN67dQirTbbevC1eAAAH
2025-03-21 22:53:07 [info]: Connection details: transport=polling
2025-03-21 22:53:07 [info]: User 1 logged in via socket CN67dQirTbbevC1eAAAH
2025-03-21 22:53:07 [info]: Client disconnected: CN67dQirTbbevC1eAAAH, reason: transport close
2025-03-21 22:53:08 [info]: New client connected: 4EWBYxu37yYfsKFgAAAJ
2025-03-21 22:53:08 [info]: Connection details: transport=polling
2025-03-21 22:53:08 [info]: User 1 logged in via socket 4EWBYxu37yYfsKFgAAAJ
2025-03-21 22:53:08 [info]: Client disconnected: 4EWBYxu37yYfsKFgAAAJ, reason: transport close
2025-03-21 22:53:08 [info]: New client connected: YS9Y4aHflmFYMnDCAAAL
2025-03-21 22:53:08 [info]: Connection details: transport=polling
2025-03-21 22:53:08 [info]: User 1 logged in via socket YS9Y4aHflmFYMnDCAAAL
2025-03-21 22:53:09 [info]: Client disconnected: YS9Y4aHflmFYMnDCAAAL, reason: transport close
2025-03-21 22:53:10 [info]: New client connected: z9N4Fce62A5VNzphAAAN
2025-03-21 22:53:10 [info]: Connection details: transport=polling
2025-03-21 22:53:10 [info]: User 1 logged in via socket z9N4Fce62A5VNzphAAAN
2025-03-21 22:53:10 [info]: Client disconnected: z9N4Fce62A5VNzphAAAN, reason: transport close
2025-03-21 22:53:10 [info]: New client connected: ImEKgBO0EtVLzHY6AAAP
2025-03-21 22:53:10 [info]: Connection details: transport=polling
2025-03-21 22:53:10 [info]: User 1 logged in via socket ImEKgBO0EtVLzHY6AAAP
2025-03-21 22:53:11 [info]: Client disconnected: ImEKgBO0EtVLzHY6AAAP, reason: transport close
2025-03-21 22:54:31 [info]: Server running on http://localhost:3089
2025-03-21 22:54:38 [info]: New client connected: mL4tGHqmbitEQcDvAAAB
2025-03-21 22:54:38 [info]: Connection details: transport=polling
2025-03-21 22:54:38 [info]: User 1 logged in via socket mL4tGHqmbitEQcDvAAAB
2025-03-21 22:54:38 [info]: Client disconnected: mL4tGHqmbitEQcDvAAAB, reason: transport close
2025-03-21 22:54:39 [info]: New client connected: mOdytYeIRCF_aGjRAAAD
2025-03-21 22:54:39 [info]: Connection details: transport=polling
2025-03-21 22:54:39 [info]: User 1 logged in via socket mOdytYeIRCF_aGjRAAAD
2025-03-21 22:54:39 [info]: Client disconnected: mOdytYeIRCF_aGjRAAAD, reason: transport close
2025-03-21 22:54:40 [info]: New client connected: NLQlgpqtcogrQI3PAAAF
2025-03-21 22:54:40 [info]: Connection details: transport=polling
2025-03-21 22:54:40 [info]: User 1 logged in via socket NLQlgpqtcogrQI3PAAAF
2025-03-21 22:54:40 [info]: Client disconnected: NLQlgpqtcogrQI3PAAAF, reason: transport close
2025-03-21 22:54:41 [info]: New client connected: NJKcQd6tGUrCe5stAAAH
2025-03-21 22:54:41 [info]: Connection details: transport=polling
2025-03-21 22:54:41 [info]: User 1 logged in via socket NJKcQd6tGUrCe5stAAAH
2025-03-21 22:54:41 [info]: Client disconnected: NJKcQd6tGUrCe5stAAAH, reason: transport close
2025-03-21 22:55:53 [info]: New client connected: j3KSuk5WkkP-fkBrAAAJ
2025-03-21 22:55:53 [info]: Connection details: transport=polling
2025-03-21 22:55:53 [info]: User 1 logged in via socket j3KSuk5WkkP-fkBrAAAJ
2025-03-21 22:55:53 [info]: Client disconnected: j3KSuk5WkkP-fkBrAAAJ, reason: transport close
2025-03-21 22:55:54 [info]: New client connected: Q_o5f90MQvZtCLp8AAAL
2025-03-21 22:55:54 [info]: Connection details: transport=polling
2025-03-21 22:55:54 [info]: User 1 logged in via socket Q_o5f90MQvZtCLp8AAAL
2025-03-21 22:55:54 [info]: Client disconnected: Q_o5f90MQvZtCLp8AAAL, reason: transport close
2025-03-21 22:55:55 [info]: New client connected: YpRv5DrlbiLTA2MsAAAN
2025-03-21 22:55:55 [info]: Connection details: transport=polling
2025-03-21 22:55:55 [info]: User 1 logged in via socket YpRv5DrlbiLTA2MsAAAN
2025-03-21 22:55:55 [info]: Client disconnected: YpRv5DrlbiLTA2MsAAAN, reason: transport close
2025-03-21 22:55:55 [info]: New client connected: ZvMbeeybiFvzmD8IAAAP
2025-03-21 22:55:55 [info]: Connection details: transport=polling
2025-03-21 22:55:55 [info]: User 1 logged in via socket ZvMbeeybiFvzmD8IAAAP
2025-03-21 22:55:56 [info]: Client disconnected: ZvMbeeybiFvzmD8IAAAP, reason: transport close
2025-03-21 22:55:56 [info]: New client connected: Fc6hT7IX4wRIGoXPAAAR
2025-03-21 22:55:56 [info]: Connection details: transport=polling
2025-03-21 22:55:56 [info]: User 1 logged in via socket Fc6hT7IX4wRIGoXPAAAR
2025-03-21 22:55:57 [info]: Client disconnected: Fc6hT7IX4wRIGoXPAAAR, reason: transport close
2025-03-21 22:55:57 [info]: New client connected: X66YoSv5SstDF0GZAAAT
2025-03-21 22:55:57 [info]: Connection details: transport=polling
2025-03-21 22:55:57 [info]: User 1 logged in via socket X66YoSv5SstDF0GZAAAT
2025-03-21 22:55:57 [info]: Client disconnected: X66YoSv5SstDF0GZAAAT, reason: transport close
2025-03-21 22:56:36 [info]: Server running on http://localhost:3089
2025-03-21 22:56:38 [info]: New client connected: phMjwK30BdmVeB-yAAAB
2025-03-21 22:56:38 [info]: Connection details: transport=polling
2025-03-21 22:56:38 [info]: User 1 logged in via socket phMjwK30BdmVeB-yAAAB
2025-03-21 22:56:39 [info]: Client disconnected: phMjwK30BdmVeB-yAAAB, reason: transport close
2025-03-21 23:14:04 [info]: Server running on http://localhost:3089
2025-03-21 23:14:06 [info]: New client connected: Dly8CpKt2_KVcwJYAAAB (transport: websocket)
2025-03-21 23:14:06 [info]: User 1 logged in via socket Dly8CpKt2_KVcwJYAAAB (transport: websocket)
2025-03-21 23:14:06 [info]: Client disconnected: Dly8CpKt2_KVcwJYAAAB, reason: transport close
2025-03-21 23:14:07 [info]: New client connected: E1IwrT0mtsxOOmX_AAAD (transport: websocket)
2025-03-21 23:14:07 [info]: User 1 logged in via socket E1IwrT0mtsxOOmX_AAAD (transport: websocket)
2025-03-21 23:14:07 [info]: Client disconnected: E1IwrT0mtsxOOmX_AAAD, reason: transport close
2025-03-21 23:14:08 [info]: New client connected: 50P0_lrhp_4Q0wKcAAAF (transport: websocket)
2025-03-21 23:14:08 [info]: User 1 logged in via socket 50P0_lrhp_4Q0wKcAAAF (transport: websocket)
2025-03-21 23:14:08 [info]: Client disconnected: 50P0_lrhp_4Q0wKcAAAF, reason: transport close
2025-03-21 23:14:08 [info]: New client connected: _HVMYHVj4PmmylpcAAAH (transport: websocket)
2025-03-21 23:14:08 [info]: User 1 logged in via socket _HVMYHVj4PmmylpcAAAH (transport: websocket)
2025-03-21 23:14:08 [info]: Client disconnected: _HVMYHVj4PmmylpcAAAH, reason: transport close
2025-03-21 23:14:09 [info]: New client connected: kSj4ZHXKtyaeQ7qiAAAJ (transport: websocket)
2025-03-21 23:14:09 [info]: User 1 logged in via socket kSj4ZHXKtyaeQ7qiAAAJ (transport: websocket)
2025-03-21 23:14:09 [info]: Client disconnected: kSj4ZHXKtyaeQ7qiAAAJ, reason: transport close
2025-03-21 23:14:10 [info]: New client connected: niUmmTiZZ-xmJqjuAAAL (transport: websocket)
2025-03-21 23:14:10 [info]: User 1 logged in via socket niUmmTiZZ-xmJqjuAAAL (transport: websocket)
2025-03-21 23:14:10 [info]: Client disconnected: niUmmTiZZ-xmJqjuAAAL, reason: transport close
2025-03-21 23:14:10 [info]: New client connected: 9hGu8cy_C1A8HRoYAAAN (transport: websocket)
2025-03-21 23:14:10 [info]: User 1 logged in via socket 9hGu8cy_C1A8HRoYAAAN (transport: websocket)
2025-03-21 23:14:10 [info]: Client disconnected: 9hGu8cy_C1A8HRoYAAAN, reason: transport close
2025-03-21 23:14:11 [info]: New client connected: IADi9Ghi4P-dXHl4AAAP (transport: websocket)
2025-03-21 23:14:11 [info]: User 1 logged in via socket IADi9Ghi4P-dXHl4AAAP (transport: websocket)
2025-03-21 23:14:11 [info]: Client disconnected: IADi9Ghi4P-dXHl4AAAP, reason: transport close
2025-03-21 23:37:58 [info]: Server running on http://localhost:3089
2025-03-21 23:38:08 [info]: Server running on http://localhost:3089
2025-03-21 23:39:38 [info]: Server running on http://localhost:3089
2025-03-21 23:39:39 [info]: Server running on http://localhost:3089
2025-03-21 23:39:46 [info]: Server running on http://localhost:3089
2025-03-21 23:39:53 [info]: Server running on http://localhost:3089
2025-03-21 23:40:01 [info]: New client connected: DITLDM4B22_u2BElAAAB (transport: websocket)
2025-03-21 23:40:01 [info]: User 1 logged in via socket DITLDM4B22_u2BElAAAB (transport: websocket)
2025-03-21 23:40:10 [info]: Message from user 1: Hello, this is a test message
2025-03-21 23:40:10 [error]: Database error: 
Invalid `prisma.chatGroup.findUnique()` invocation in
/Users/rabinrai/Desktop/Final Year Project/Development/merobus_backend/controller/socketController.js:161:59

  158 });
  159 
  160 // Get all users in the chat group
 161 const chatGroupWithUsers = await prisma.chatGroup.findUnique({
        where: {
          id: 1
        },
        include: {
          users: {
          ~~~~~
            select: {
              id: true
            }
          },
      ?   vehicle?: true,
      ?   messages?: true
        }
      })

Unknown field `users` for include statement on model `ChatGroup`. Available options are marked with ?.
2025-03-21 23:40:12 [info]: Message from user 1: Hello, this is a test message
2025-03-21 23:40:12 [error]: Database error: 
Invalid `prisma.chatGroup.findUnique()` invocation in
/Users/rabinrai/Desktop/Final Year Project/Development/merobus_backend/controller/socketController.js:161:59

  158 });
  159 
  160 // Get all users in the chat group
 161 const chatGroupWithUsers = await prisma.chatGroup.findUnique({
        where: {
          id: 1
        },
        include: {
          users: {
          ~~~~~
            select: {
              id: true
            }
          },
      ?   vehicle?: true,
      ?   messages?: true
        }
      })

Unknown field `users` for include statement on model `ChatGroup`. Available options are marked with ?.
2025-03-21 23:42:03 [info]: Server running on http://localhost:3089
2025-03-21 23:42:04 [info]: New client connected: ZhTZhBnR4mmPsFV2AAAB (transport: websocket)
2025-03-21 23:42:04 [info]: User 1 logged in via socket ZhTZhBnR4mmPsFV2AAAB (transport: websocket)
2025-03-21 23:42:04 [info]: User 1 logged in via socket ZhTZhBnR4mmPsFV2AAAB (transport: websocket)
2025-03-21 23:42:07 [info]: Message from user 1: Hello, this is a test message
2025-03-21 23:42:07 [warn]: No users found in chat group 1
2025-03-21 23:45:47 [info]: Server running on http://localhost:3089
2025-03-21 23:45:48 [info]: New client connected: 0GUaquRade7wIbTDAAAB (transport: websocket)
2025-03-21 23:45:48 [info]: User 1 logged in via socket 0GUaquRade7wIbTDAAAB (transport: websocket)
2025-03-21 23:45:48 [info]: User 1 logged in via socket 0GUaquRade7wIbTDAAAB (transport: websocket)
2025-03-21 23:45:57 [info]: Server running on http://localhost:3089
2025-03-21 23:45:58 [info]: New client connected: yYPnUaiGaXSTxohVAAAB (transport: websocket)
2025-03-21 23:45:58 [info]: User 1 logged in via socket yYPnUaiGaXSTxohVAAAB (transport: websocket)
2025-03-21 23:45:58 [info]: User 1 logged in via socket yYPnUaiGaXSTxohVAAAB (transport: websocket)
2025-03-21 23:47:44 [info]: Client disconnected: yYPnUaiGaXSTxohVAAAB, reason: transport close
2025-03-22 09:45:46 [info]: Server running on http://localhost:3089
2025-03-22 16:37:29 [info]: Server running on http://localhost:3089
2025-03-22 16:48:26 [info]: New client connected: jqBE-9wfXPRCvspTAAAB (transport: websocket)
2025-03-22 16:48:26 [info]: User 1 logged in via socket jqBE-9wfXPRCvspTAAAB (transport: websocket)
2025-03-22 16:53:20 [info]: Server running on http://localhost:3089
2025-03-22 16:53:24 [info]: New client connected: -2a5eaWtzP3-f5TZAAAB (transport: websocket)
2025-03-22 16:53:24 [info]: User 1 logged in via socket -2a5eaWtzP3-f5TZAAAB (transport: websocket)
2025-03-22 16:53:35 [info]: Server running on http://localhost:3089
2025-03-22 16:53:39 [info]: New client connected: SCH-AHrhGPQiZ8PiAAAB (transport: websocket)
2025-03-22 16:53:39 [info]: User 1 logged in via socket SCH-AHrhGPQiZ8PiAAAB (transport: websocket)
2025-03-22 16:53:55 [info]: Server running on http://localhost:3089
2025-03-22 16:53:58 [info]: New client connected: P6j6e24IrUdgcDOaAAAB (transport: websocket)
2025-03-22 16:53:58 [info]: User 1 logged in via socket P6j6e24IrUdgcDOaAAAB (transport: websocket)
2025-03-22 16:54:01 [info]: Server running on http://localhost:3089
2025-03-22 16:54:02 [info]: New client connected: QZnBfnXpVt8O_haRAAAB (transport: websocket)
2025-03-22 16:54:02 [info]: User 1 logged in via socket QZnBfnXpVt8O_haRAAAB (transport: websocket)
2025-03-22 16:54:19 [info]: Server running on http://localhost:3089
2025-03-22 16:54:19 [info]: New client connected: hhXYGeLClI0glWnmAAAB (transport: websocket)
2025-03-22 16:54:19 [info]: User 1 logged in via socket hhXYGeLClI0glWnmAAAB (transport: websocket)
2025-03-22 16:54:21 [info]: Server running on http://localhost:3089
2025-03-22 16:54:22 [info]: New client connected: OnOKkdKq-F0xF61XAAAB (transport: websocket)
2025-03-22 16:54:22 [info]: User 1 logged in via socket OnOKkdKq-F0xF61XAAAB (transport: websocket)
2025-03-22 16:54:24 [info]: Server running on http://localhost:3089
2025-03-22 16:54:25 [info]: New client connected: Lz9daD3W6YbB8c-IAAAB (transport: websocket)
2025-03-22 16:54:25 [info]: User 1 logged in via socket Lz9daD3W6YbB8c-IAAAB (transport: websocket)
2025-03-22 16:54:26 [info]: Server running on http://localhost:3089
2025-03-22 16:54:27 [info]: New client connected: UP57_3bBhQTznYLZAAAB (transport: websocket)
2025-03-22 16:54:27 [info]: User 1 logged in via socket UP57_3bBhQTznYLZAAAB (transport: websocket)
2025-03-22 16:54:38 [info]: Server running on http://localhost:3089
2025-03-22 16:54:38 [info]: New client connected: reJfnDS67E97iuAdAAAB (transport: websocket)
2025-03-22 16:54:38 [info]: User 1 logged in via socket reJfnDS67E97iuAdAAAB (transport: websocket)
2025-03-22 16:54:41 [info]: Server running on http://localhost:3089
2025-03-22 16:54:41 [info]: New client connected: t9wk9NQHBQ_hetpgAAAB (transport: websocket)
2025-03-22 16:54:41 [info]: User 1 logged in via socket t9wk9NQHBQ_hetpgAAAB (transport: websocket)
2025-03-22 16:54:49 [info]: Server running on http://localhost:3089
2025-03-22 16:54:54 [info]: Server running on http://localhost:3089
2025-03-22 16:54:54 [info]: New client connected: Drv6JvWaKMbKNsUdAAAB (transport: websocket)
2025-03-22 16:54:54 [info]: User 1 logged in via socket Drv6JvWaKMbKNsUdAAAB (transport: websocket)
2025-03-22 16:54:57 [info]: Server running on http://localhost:3089
2025-03-22 16:54:59 [info]: New client connected: nsVyAYmMtHR9mLhpAAAB (transport: websocket)
2025-03-22 16:54:59 [info]: User 1 logged in via socket nsVyAYmMtHR9mLhpAAAB (transport: websocket)
2025-03-22 16:55:01 [info]: Server running on http://localhost:3089
2025-03-22 16:55:01 [info]: New client connected: 3gk-UjvuSPCeEXqCAAAB (transport: websocket)
2025-03-22 16:55:01 [info]: User 1 logged in via socket 3gk-UjvuSPCeEXqCAAAB (transport: websocket)
2025-03-22 16:55:02 [info]: Server running on http://localhost:3089
2025-03-22 16:55:03 [info]: New client connected: 3u3-z6oQIvjsv5w7AAAB (transport: websocket)
2025-03-22 16:55:03 [info]: User 1 logged in via socket 3u3-z6oQIvjsv5w7AAAB (transport: websocket)
2025-03-22 16:55:13 [info]: Server running on http://localhost:3089
2025-03-22 16:55:15 [info]: New client connected: hcM0LIrg-0HLEWqfAAAB (transport: websocket)
2025-03-22 16:55:15 [info]: User 1 logged in via socket hcM0LIrg-0HLEWqfAAAB (transport: websocket)
2025-03-22 16:55:18 [info]: Server running on http://localhost:3089
2025-03-22 16:55:19 [info]: New client connected: 7SYF-YNs58-l-ZHTAAAB (transport: websocket)
2025-03-22 16:55:19 [info]: User 1 logged in via socket 7SYF-YNs58-l-ZHTAAAB (transport: websocket)
2025-03-22 16:55:21 [info]: Server running on http://localhost:3089
2025-03-22 16:55:22 [info]: New client connected: DIHx-iWtV__5h-0mAAAB (transport: websocket)
2025-03-22 16:55:22 [info]: User 1 logged in via socket DIHx-iWtV__5h-0mAAAB (transport: websocket)
2025-03-22 16:55:22 [info]: Server running on http://localhost:3089
2025-03-22 16:55:23 [info]: New client connected: S4oB_G_ux_cgMgmwAAAB (transport: websocket)
2025-03-22 16:55:23 [info]: User 1 logged in via socket S4oB_G_ux_cgMgmwAAAB (transport: websocket)
2025-03-22 16:55:28 [info]: Server running on http://localhost:3089
2025-03-22 16:55:29 [info]: New client connected: m-cuvfXmjebTPut3AAAB (transport: websocket)
2025-03-22 16:55:29 [info]: User 1 logged in via socket m-cuvfXmjebTPut3AAAB (transport: websocket)
2025-03-22 16:55:34 [info]: Server running on http://localhost:3089
2025-03-22 16:55:35 [info]: New client connected: ceYc-qp2TDHyAkBDAAAB (transport: websocket)
2025-03-22 16:55:35 [info]: User 1 logged in via socket ceYc-qp2TDHyAkBDAAAB (transport: websocket)
2025-03-22 16:55:36 [info]: Server running on http://localhost:3089
2025-03-22 16:55:37 [info]: New client connected: r0DqGPT_iMEhZXNlAAAB (transport: websocket)
2025-03-22 16:55:37 [info]: User 1 logged in via socket r0DqGPT_iMEhZXNlAAAB (transport: websocket)
2025-03-22 16:55:41 [info]: Server running on http://localhost:3089
2025-03-22 16:55:42 [info]: New client connected: fc4mYTCrxorXeI9SAAAB (transport: websocket)
2025-03-22 16:55:42 [info]: User 1 logged in via socket fc4mYTCrxorXeI9SAAAB (transport: websocket)
2025-03-22 16:55:51 [info]: Server running on http://localhost:3089
2025-03-22 16:55:52 [info]: New client connected: aWHN_gtKAOiAl-E0AAAB (transport: websocket)
2025-03-22 16:55:52 [info]: User 1 logged in via socket aWHN_gtKAOiAl-E0AAAB (transport: websocket)
2025-03-22 16:55:54 [info]: Server running on http://localhost:3089
2025-03-22 16:55:55 [info]: Server running on http://localhost:3089
2025-03-22 16:55:55 [info]: New client connected: 2RieYuYAn79FlnRgAAAB (transport: websocket)
2025-03-22 16:55:55 [info]: User 1 logged in via socket 2RieYuYAn79FlnRgAAAB (transport: websocket)
2025-03-22 17:15:53 [info]: Server running on http://localhost:3089
2025-03-22 17:15:54 [info]: Server running on http://localhost:3089
2025-03-22 17:29:05 [info]: New client connected: yyyBiqBKO8DSaxVFAAAB (transport: websocket)
2025-03-22 17:29:05 [info]: User 1 logged in via socket yyyBiqBKO8DSaxVFAAAB (transport: websocket)
2025-03-22 17:45:06 [info]: Client disconnected: yyyBiqBKO8DSaxVFAAAB, reason: transport close
2025-03-22 17:45:25 [info]: Server running on http://localhost:3089
2025-03-22 17:45:27 [info]: Server running on http://localhost:3089
2025-03-22 17:45:31 [info]: Server running on http://localhost:3089
2025-03-22 17:45:41 [info]: New client connected: kBGFbXp1Lc0YUYrzAAAB (transport: websocket)
2025-03-22 17:45:41 [info]: User 1 logged in via socket kBGFbXp1Lc0YUYrzAAAB (transport: websocket)
2025-03-22 18:17:32 [info]: Client disconnected: kBGFbXp1Lc0YUYrzAAAB, reason: transport close
2025-03-22 18:17:52 [info]: New client connected: 8RhnSe9Yol6qGAUrAAAD (transport: websocket)
2025-03-22 18:17:52 [info]: User 1 logged in via socket 8RhnSe9Yol6qGAUrAAAD (transport: websocket)
2025-03-22 18:20:37 [info]: Client disconnected: 8RhnSe9Yol6qGAUrAAAD, reason: transport close
2025-03-22 18:20:57 [info]: New client connected: -QP7Na_2UUbO_q9ZAAAF (transport: websocket)
2025-03-22 18:20:57 [info]: User 1 logged in via socket -QP7Na_2UUbO_q9ZAAAF (transport: websocket)
2025-03-22 18:27:28 [info]: User 1 joined group chat 1
2025-03-22 18:27:28 [info]: Fetching history for group 1
2025-03-22 18:27:33 [info]: Fetching history for group 1
2025-03-22 18:32:05 [info]: Message from user 1: Hi
2025-03-22 18:32:06 [warn]: No users found in chat group 1
2025-03-22 18:32:47 [info]: Fetching history for group 1
2025-03-22 18:33:08 [info]: Fetching history for group 1
2025-03-22 18:33:10 [info]: Fetching history for group 1
2025-03-22 18:33:11 [info]: Fetching history for group 1
2025-03-22 18:33:38 [info]: Fetching history for group 1
2025-03-22 18:34:29 [info]: Client disconnected: -QP7Na_2UUbO_q9ZAAAF, reason: transport close
2025-03-22 18:34:47 [info]: New client connected: YZiTabRwVJUl60tlAAAH (transport: websocket)
2025-03-22 18:34:47 [info]: User 1 logged in via socket YZiTabRwVJUl60tlAAAH (transport: websocket)
2025-03-22 18:34:52 [info]: User 1 joined group chat 1
2025-03-22 18:34:52 [info]: Fetching history for group 1
2025-03-22 18:36:31 [info]: Server running on http://localhost:3089
2025-03-22 18:36:31 [info]: New client connected: _JzVtxmBxzHg8Q6nAAAB (transport: websocket)
2025-03-22 18:36:31 [info]: User 1 logged in via socket _JzVtxmBxzHg8Q6nAAAB (transport: websocket)
2025-03-22 18:36:44 [info]: Server running on http://localhost:3089
2025-03-22 18:36:44 [info]: New client connected: 4WpFJBfhM7cjRZUYAAAB (transport: websocket)
2025-03-22 18:36:44 [info]: User 1 logged in via socket 4WpFJBfhM7cjRZUYAAAB (transport: websocket)
2025-03-22 18:36:51 [info]: Server running on http://localhost:3089
2025-03-22 18:36:52 [info]: Server running on http://localhost:3089
2025-03-22 18:36:53 [info]: New client connected: IjL9-Ol5J_zlDc0RAAAB (transport: websocket)
2025-03-22 18:36:53 [info]: User 1 logged in via socket IjL9-Ol5J_zlDc0RAAAB (transport: websocket)
2025-03-22 18:43:50 [info]: Client disconnected: IjL9-Ol5J_zlDc0RAAAB, reason: transport close
2025-03-23 04:08:35 [info]: Server running on http://localhost:3089
